<?xml version="1.0" encoding="UTF-8"?>
<!-- Generated by org.testng.reporters.JUnitReportReporter -->
<testsuite skipped="0" hostname="user-PC" name="com.inetBanking.testCases.TC_AddCustomerTest_003" tests="1" failures="0" timestamp="01 Aug 2021 14:56:15 GMT" time="10.635" errors="0">
  <testcase name="addNewCustomer" time="10.635" classname="com.inetBanking.testCases.TC_AddCustomerTest_003"/>
</testsuite> <!-- com.inetBanking.testCases.TC_AddCustomerTest_003 -->
