<?xml version="1.0" encoding="UTF-8"?>
<!-- Generated by org.testng.reporters.JUnitReportReporter -->
<testsuite skipped="0" hostname="user-PC" name="com.inetBanking.testCases.TC_LoginTest_001" tests="1" failures="0" timestamp="01 Aug 2021 16:00:46 GMT" time="2.244" errors="0">
  <testcase name="loginTest" time="2.244" classname="com.inetBanking.testCases.TC_LoginTest_001"/>
</testsuite> <!-- com.inetBanking.testCases.TC_LoginTest_001 -->
