<?xml version="1.0" encoding="UTF-8"?>
<!-- Generated by org.testng.reporters.JUnitReportReporter -->
<testsuite skipped="0" hostname="user-PC" name="com.inetBanking.testCases.TC_LoginTest_001" tests="1" failures="0" timestamp="03 Aug 2021 07:59:46 GMT" time="6.834" errors="0">
  <testcase name="loginTest" time="6.834" classname="com.inetBanking.testCases.TC_LoginTest_001"/>
</testsuite> <!-- com.inetBanking.testCases.TC_LoginTest_001 -->
